This is pdfTeX, Version 3.14159265-2.6-1.40.20 (TeX Live 2019) (preloaded format=pdflatex 2020.1.19)  18 MAR 2021 17:40
entering extended mode
 restricted \write18 enabled.
 file:line:error style messages enabled.
 %&-line parsing enabled.
**\nonstopmode\input{root.tex}
(./root.tex
(/usr/local/texlive/2019/texmf-dist/tex/latex/koma-script/scrreprt.cls
Document Class: scrreprt 2019/12/23 v3.28 KOMA-Script document class (report)
(/usr/local/texlive/2019/texmf-dist/tex/latex/koma-script/scrkbase.sty
Package: scrkbase 2019/12/23 v3.28 KOMA-Script package (KOMA-Script-dependent b
asics and keyval usage)

(/usr/local/texlive/2019/texmf-dist/tex/latex/koma-script/scrbase.sty
Package: scrbase 2019/12/23 v3.28 KOMA-Script package (KOMA-Script-independent 
basics and keyval usage)

(/usr/local/texlive/2019/texmf-dist/tex/latex/graphics/keyval.sty
Package: keyval 2014/10/28 v1.15 key=value parser (DPC)
\KV@toks@=\toks14
)
(/usr/local/texlive/2019/texmf-dist/tex/latex/koma-script/scrlfile.sty
Package: scrlfile 2019/12/23 v3.28 KOMA-Script package (loading files)
)))
(/usr/local/texlive/2019/texmf-dist/tex/latex/koma-script/tocbasic.sty
Package: tocbasic 2019/12/23 v3.28 KOMA-Script package (handling toc-files)
\scr@dte@tocline@numberwidth=\skip41
\scr@dte@tocline@numbox=\box27
)
Package tocbasic Info: omitting babel extension for `toc'
(tocbasic)             because of feature `nobabel' available
(tocbasic)             for `toc' on input line 137.
Package scrreprt Info: You've used standard option `10pt'.
(scrreprt)             This is correct!
(scrreprt)             Internally I'm using `fontsize=10pt'.
(scrreprt)             If you'd like to set the option with \KOMAoptions,
(scrreprt)             you'd have to use `fontsize=10pt' there
(scrreprt)             instead of `10pt', too.
Class scrreprt Info: You've used standard option `openright'.
(scrreprt)           This is correct!
(scrreprt)           Internally I'm using `open=right'.
(scrreprt)           If you'd like to set the option with \KOMAoptions,
(scrreprt)           you'd have to use `open=right' there
(scrreprt)           instead of `openright', too.
Class scrreprt Info: File `scrsize10pt.clo' used to setup font sizes on input l
ine 2420.

(/usr/local/texlive/2019/texmf-dist/tex/latex/koma-script/scrsize10pt.clo
File: scrsize10pt.clo 2019/12/23 v3.28 KOMA-Script font size class option (10pt
)
)
(/usr/local/texlive/2019/texmf-dist/tex/latex/koma-script/typearea.sty
Package: typearea 2019/12/23 v3.28 KOMA-Script package (type area)
\ta@bcor=\skip42
\ta@div=\count80
Package typearea Info: You've used standard option `a4paper'.
(typearea)             This is correct!
(typearea)             Internally I'm using `paper=a4'.
(typearea)             If you'd like to set the option with \KOMAoptions,
(typearea)             you'd have to use `paper=a4' there
(typearea)             instead of `a4paper', too.


Package typearea Warning: You've used obsolete option `DIV16'.
(typearea)                Usage of this option indicates an old document
(typearea)                and changes compatibility level using
(typearea)                `DIV=16,version=first,
(typearea)                enabledeprecatedfontcommands' that may result
(typearea)                in further warnings.
(typearea)                If you don't want this, you should simply
(typearea)                replace option `DIV16' by `DIV=16'.

Package typearea Info: Switching compatibility level to `first'.
\ta@hblk=\skip43
\ta@vblk=\skip44
\ta@temp=\skip45
\footheight=\skip46

Package typearea Warning: Bad type area settings!
(typearea)                The detected line width is about 36%
(typearea)                larger than the heuristically estimated maximum
(typearea)                limit of typographical good line width.
(typearea)                You should e.g. decrease DIV, increase fontsize
(typearea)                or change papersize.

Package typearea Info: These are the values describing the layout:
(typearea)             DIV  = 16
(typearea)             BCOR = 0.0pt
(typearea)             \paperwidth      = 597.50793pt
(typearea)              \textwidth      = 485.47522pt
(typearea)              DIV departure   = -36%
(typearea)              \evensidemargin = -16.25363pt
(typearea)              \oddsidemargin  = -16.25363pt
(typearea)             \paperheight     = 845.04694pt
(typearea)              \textheight     = 694.0pt
(typearea)              \topmargin      = -52.45456pt
(typearea)              \headheight     = 15.0pt
(typearea)              \headsep        = 18.0pt
(typearea)              \topskip        = 10.0pt
(typearea)              \footskip       = 42.0pt
(typearea)              \baselineskip   = 12.0pt
(typearea)              on input line 1718.
)
\c@part=\count81
\c@chapter=\count82
\c@section=\count83
\c@subsection=\count84
\c@subsubsection=\count85
\c@paragraph=\count86
\c@subparagraph=\count87
\scr@dte@chapter@maxnumwidth=\skip47
Class scrreprt Info: using compatibility default `afterindent=bysign'
(scrreprt)           for `\chapter on input line 5546.
\scr@dte@section@maxnumwidth=\skip48
Class scrreprt Info: using compatibility default `runin=bysign'
(scrreprt)           for `\section on input line 5556.
Class scrreprt Info: using compatibility default `afterindent=bysign'
(scrreprt)           for `\section on input line 5556.
\scr@dte@part@maxnumwidth=\skip49
Class scrreprt Info: using compatibility default `afterindent=true'
(scrreprt)           for `\part on input line 5565.
\scr@dte@subsection@maxnumwidth=\skip50
Class scrreprt Info: using compatibility default `runin=bysign'
(scrreprt)           for `\subsection on input line 5575.
Class scrreprt Info: using compatibility default `afterindent=bysign'
(scrreprt)           for `\subsection on input line 5575.
\scr@dte@subsubsection@maxnumwidth=\skip51
Class scrreprt Info: using compatibility default `runin=bysign'
(scrreprt)           for `\subsubsection on input line 5585.
Class scrreprt Info: using compatibility default `afterindent=bysign'
(scrreprt)           for `\subsubsection on input line 5585.
\scr@dte@paragraph@maxnumwidth=\skip52
Class scrreprt Info: using compatibility default `runin=bysign'
(scrreprt)           for `\paragraph on input line 5595.
Class scrreprt Info: using compatibility default `afterindent=bysign'
(scrreprt)           for `\paragraph on input line 5595.
\scr@dte@subparagraph@maxnumwidth=\skip53
Class scrreprt Info: using compatibility default `runin=bysign'
(scrreprt)           for `\subparagraph on input line 5605.
Class scrreprt Info: using compatibility default `afterindent=bysign'
(scrreprt)           for `\subparagraph on input line 5605.
\abovecaptionskip=\skip54
\belowcaptionskip=\skip55
\c@pti@nb@sid@b@x=\box28
Package tocbasic Info: omitting babel extension for `lof'
(tocbasic)             because of feature `nobabel' available
(tocbasic)             for `lof' on input line 6841.
\scr@dte@figure@maxnumwidth=\skip56
\c@figure=\count88
Package tocbasic Info: omitting babel extension for `lot'
(tocbasic)             because of feature `nobabel' available
(tocbasic)             for `lot' on input line 6858.
\scr@dte@table@maxnumwidth=\skip57
\c@table=\count89
Class scrreprt Info: Redefining `\numberline' on input line 7027.
\bibindent=\dimen102
) (/usr/local/texlive/2019/texmf-dist/tex/generic/babel/babel.sty
Package: babel 2020/01/15 3.38 The Babel package

(/usr/local/texlive/2019/texmf-dist/tex/generic/babel/switch.def
File: switch.def 2020/01/15 3.38 Babel switching mechanism
)
(/usr/local/texlive/2019/texmf-dist/tex/generic/babel-english/USenglish.ldf
Language: USenglish 2017/06/06 v3.3r English support from the babel system

(/usr/local/texlive/2019/texmf-dist/tex/generic/babel-english/english.ldf
Language: english 2017/06/06 v3.3r English support from the babel system

(/usr/local/texlive/2019/texmf-dist/tex/generic/babel/babel.def
File: babel.def 2020/01/15 3.38 Babel common definitions
\babel@savecnt=\count90
\U@D=\dimen103

(/usr/local/texlive/2019/texmf-dist/tex/generic/babel/txtbabel.def)
\bbl@readstream=\read1
\bbl@dirlevel=\count91
)
Package babel Info: \l@canadian = using hyphenrules for english
(babel)             (\language0) on input line 102.
Package babel Info: \l@australian = using hyphenrules for ukenglish
(babel)             (\language21) on input line 105.
Package babel Info: \l@newzealand = using hyphenrules for ukenglish
(babel)             (\language21) on input line 108.
)))
(/usr/local/texlive/2019/texmf-dist/tex/latex/natbib/natbib.sty
Package: natbib 2010/09/13 8.31b (PWD, AO)
\bibhang=\skip58
\bibsep=\skip59
LaTeX Info: Redefining \cite on input line 694.
\c@NAT@ctr=\count92
)
(./isabelle.sty
\isa@parindent=\dimen104
\isa@parskip=\dimen105
 (/usr/local/texlive/2019/texmf-dist/tex/generic/ulem/ulem.sty
\UL@box=\box29
\UL@hyphenbox=\box30
\UL@skip=\skip60
\UL@hook=\toks15
\UL@height=\dimen106
\UL@pe=\count93
\UL@pixel=\dimen107
\ULC@box=\box31
Package: ulem 2019/11/18
\ULdepth=\dimen108
)
(./comment.sty
\CommentStream=\write3
 Excluding comment 'comment')
Including comment 'isadelimdocument' Including comment 'isatagdocument'
Including comment 'isadelimtheory' Including comment 'isatagtheory'
Including comment 'isadelimproof' Including comment 'isatagproof'
Including comment 'isadelimML' Including comment 'isatagML'
Including comment 'isadelimvisible' Including comment 'isatagvisible'
Excluding comment 'isadeliminvisible' Excluding comment 'isataginvisible'
Including comment 'isadelimimportant' Including comment 'isatagimportant'
Including comment 'isadelimunimportant' Including comment 'isatagunimportant')
(./isabelletags.sty) (./isabellesym.sty)
(/usr/local/texlive/2019/texmf-dist/tex/latex/booktabs/booktabs.sty
Package: booktabs 2020/01/12 v1.61803398 Publication quality tables
\heavyrulewidth=\dimen109
\lightrulewidth=\dimen110
\cmidrulewidth=\dimen111
\belowrulesep=\dimen112
\belowbottomsep=\dimen113
\aboverulesep=\dimen114
\abovetopsep=\dimen115
\cmidrulesep=\dimen116
\cmidrulekern=\dimen117
\defaultaddspace=\dimen118
\@cmidla=\count94
\@cmidlb=\count95
\@aboverulesep=\dimen119
\@belowrulesep=\dimen120
\@thisruleclass=\count96
\@lastruleclass=\count97
\@thisrulewidth=\dimen121
)
(/usr/local/texlive/2019/texmf-dist/tex/latex/paralist/paralist.sty
Package: paralist 2017/01/22 v2.7 Extended list environments
\pltopsep=\skip61
\plpartopsep=\skip62
\plitemsep=\skip63
\plparsep=\skip64
\pl@lab=\toks16
)
(/usr/local/texlive/2019/texmf-dist/tex/latex/graphics/graphicx.sty
Package: graphicx 2017/06/01 v1.1a Enhanced LaTeX Graphics (DPC,SPQR)

(/usr/local/texlive/2019/texmf-dist/tex/latex/graphics/graphics.sty
Package: graphics 2019/11/01 v1.3d Standard LaTeX Graphics (DPC,SPQR)

(/usr/local/texlive/2019/texmf-dist/tex/latex/graphics/trig.sty
Package: trig 2016/01/03 v1.10 sin cos tan (DPC)
)
(/usr/local/texlive/2019/texmf-dist/tex/latex/graphics-cfg/graphics.cfg
File: graphics.cfg 2016/06/04 v1.11 sample graphics configuration
)
Package graphics Info: Driver file: pdftex.def on input line 105.

(/usr/local/texlive/2019/texmf-dist/tex/latex/graphics-def/pdftex.def
File: pdftex.def 2018/01/08 v1.0l Graphics/color driver for pdftex
))
\Gin@req@height=\dimen122
\Gin@req@width=\dimen123
)
(/usr/local/texlive/2019/texmf-dist/tex/latex/amsfonts/amssymb.sty
Package: amssymb 2013/01/14 v3.01 AMS font symbols

(/usr/local/texlive/2019/texmf-dist/tex/latex/amsfonts/amsfonts.sty
Package: amsfonts 2013/01/14 v3.01 Basic AMSFonts support
\@emptytoks=\toks17
\symAMSa=\mathgroup4
\symAMSb=\mathgroup5
LaTeX Font Info:    Redeclaring math symbol \hbar on input line 98.
LaTeX Font Info:    Overwriting math alphabet `\mathfrak' in version `bold'
(Font)                  U/euf/m/n --> U/euf/b/n on input line 106.
))
(/usr/local/texlive/2019/texmf-dist/tex/latex/tools/xspace.sty
Package: xspace 2014/10/28 v1.13 Space after command names (DPC,MH)
)
(/usr/local/texlive/2019/texmf-dist/tex/latex/xcolor/xcolor.sty
Package: xcolor 2016/05/11 v2.12 LaTeX color extensions (UK)

(/usr/local/texlive/2019/texmf-dist/tex/latex/graphics-cfg/color.cfg
File: color.cfg 2016/01/02 v1.6 sample color configuration
)
Package xcolor Info: Driver file: pdftex.def on input line 225.
Package xcolor Info: Model `cmy' substituted by `cmy0' on input line 1348.
Package xcolor Info: Model `hsb' substituted by `rgb' on input line 1352.
Package xcolor Info: Model `RGB' extended on input line 1364.
Package xcolor Info: Model `HTML' substituted by `rgb' on input line 1366.
Package xcolor Info: Model `Hsb' substituted by `hsb' on input line 1367.
Package xcolor Info: Model `tHsb' substituted by `hsb' on input line 1368.
Package xcolor Info: Model `HSB' substituted by `hsb' on input line 1369.
Package xcolor Info: Model `Gray' substituted by `gray' on input line 1370.
Package xcolor Info: Model `wave' substituted by `hsb' on input line 1371.
)
(/usr/local/texlive/2019/texmf-dist/tex/latex/hyperref/hyperref.sty
Package: hyperref 2019/11/10 v7.00c Hypertext links for LaTeX

(/usr/local/texlive/2019/texmf-dist/tex/generic/ltxcmds/ltxcmds.sty
Package: ltxcmds 2019/12/15 v1.24 LaTeX kernel commands for general use (HO)
)
(/usr/local/texlive/2019/texmf-dist/tex/generic/iftex/iftex.sty
Package: iftex 2019/11/07 v1.0c TeX engine tests
)
(/usr/local/texlive/2019/texmf-dist/tex/latex/pdftexcmds/pdftexcmds.sty
Package: pdftexcmds 2019/11/24 v0.31 Utility functions of pdfTeX for LuaTeX (HO
)

(/usr/local/texlive/2019/texmf-dist/tex/generic/infwarerr/infwarerr.sty
Package: infwarerr 2019/12/03 v1.5 Providing info/warning/error messages (HO)
)
Package pdftexcmds Info: \pdf@primitive is available.
Package pdftexcmds Info: \pdf@ifprimitive is available.
Package pdftexcmds Info: \pdfdraftmode found.
)
(/usr/local/texlive/2019/texmf-dist/tex/generic/kvsetkeys/kvsetkeys.sty
Package: kvsetkeys 2019/12/15 v1.18 Key value parser (HO)
)
(/usr/local/texlive/2019/texmf-dist/tex/generic/kvdefinekeys/kvdefinekeys.sty
Package: kvdefinekeys 2019-12-19 v1.6 Define keys (HO)
)
(/usr/local/texlive/2019/texmf-dist/tex/generic/pdfescape/pdfescape.sty
Package: pdfescape 2019/12/09 v1.15 Implements pdfTeX's escape features (HO)
)
(/usr/local/texlive/2019/texmf-dist/tex/latex/hycolor/hycolor.sty
Package: hycolor 2019/12/15 v1.9 Color options for hyperref/bookmark (HO)

(/usr/local/texlive/2019/texmf-dist/tex/latex/hycolor/xcolor-patch.sty
Package: xcolor-patch 2019/12/15 xcolor patch

(/usr/local/texlive/2019/texmf-dist/tex/latex/oberdiek/hopatch.sty
Package: hopatch 2016/05/16 v1.3 Wrapper for package hooks (HO)
)))
(/usr/local/texlive/2019/texmf-dist/tex/latex/letltxmacro/letltxmacro.sty
Package: letltxmacro 2019/12/03 v1.6 Let assignment for LaTeX macros (HO)
)
(/usr/local/texlive/2019/texmf-dist/tex/latex/auxhook/auxhook.sty
Package: auxhook 2019-12-17 v1.6 Hooks for auxiliary files (HO)
)
(/usr/local/texlive/2019/texmf-dist/tex/latex/kvoptions/kvoptions.sty
Package: kvoptions 2019/11/29 v3.13 Key value format for package options (HO)
)
\@linkdim=\dimen124
\Hy@linkcounter=\count98
\Hy@pagecounter=\count99

(/usr/local/texlive/2019/texmf-dist/tex/latex/hyperref/pd1enc.def
File: pd1enc.def 2019/11/10 v7.00c Hyperref: PDFDocEncoding definition (HO)
Now handling font encoding PD1 ...
... no UTF-8 mapping file for font encoding PD1
)
(/usr/local/texlive/2019/texmf-dist/tex/generic/intcalc/intcalc.sty
Package: intcalc 2019/12/15 v1.3 Expandable calculations with integers (HO)
)
(/usr/local/texlive/2019/texmf-dist/tex/generic/etexcmds/etexcmds.sty
Package: etexcmds 2019/12/15 v1.7 Avoid name clashes with e-TeX commands (HO)
)
\Hy@SavedSpaceFactor=\count100

(/usr/local/texlive/2019/texmf-dist/tex/latex/latexconfig/hyperref.cfg
File: hyperref.cfg 2002/06/06 v1.2 hyperref configuration of TeXLive
)
Package hyperref Info: Hyper figures OFF on input line 4535.
Package hyperref Info: Link nesting OFF on input line 4540.
Package hyperref Info: Hyper index ON on input line 4543.
Package hyperref Info: Plain pages OFF on input line 4550.
Package hyperref Info: Backreferencing OFF on input line 4555.
Package hyperref Info: Implicit mode ON; LaTeX internals redefined.
Package hyperref Info: Bookmarks ON on input line 4788.
\c@Hy@tempcnt=\count101

(/usr/local/texlive/2019/texmf-dist/tex/latex/url/url.sty
\Urlmuskip=\muskip10
Package: url 2013/09/16  ver 3.4  Verb mode for urls, etc.
)
LaTeX Info: Redefining \url on input line 5147.
\XeTeXLinkMargin=\dimen125

(/usr/local/texlive/2019/texmf-dist/tex/generic/bitset/bitset.sty
Package: bitset 2019/12/09 v1.3 Handle bit-vector datatype (HO)

(/usr/local/texlive/2019/texmf-dist/tex/generic/bigintcalc/bigintcalc.sty
Package: bigintcalc 2019/12/15 v1.5 Expandable calculations on big integers (HO
)
))
\Fld@menulength=\count102
\Field@Width=\dimen126
\Fld@charsize=\dimen127
Package hyperref Info: Hyper figures OFF on input line 6418.
Package hyperref Info: Link nesting OFF on input line 6423.
Package hyperref Info: Hyper index ON on input line 6426.
Package hyperref Info: backreferencing OFF on input line 6433.
Package hyperref Info: Link coloring OFF on input line 6438.
Package hyperref Info: Link coloring with OCG OFF on input line 6443.
Package hyperref Info: PDF/A mode OFF on input line 6448.
LaTeX Info: Redefining \ref on input line 6488.
LaTeX Info: Redefining \pageref on input line 6492.

(/usr/local/texlive/2019/texmf-dist/tex/generic/atbegshi/atbegshi.sty
Package: atbegshi 2019/12/05 v1.19 At begin shipout hook (HO)
)
\Hy@abspage=\count103
\c@Item=\count104
\c@Hfootnote=\count105
)
Package hyperref Info: Driver (autodetected): hpdftex.

(/usr/local/texlive/2019/texmf-dist/tex/latex/hyperref/hpdftex.def
File: hpdftex.def 2019/11/10 v7.00c Hyperref driver for pdfTeX

(/usr/local/texlive/2019/texmf-dist/tex/latex/atveryend/atveryend.sty
Package: atveryend 2019-12-11 v1.11 Hooks at the very end of document (HO)
Package atveryend Info: \enddocument detected (standard20110627).
)
\Fld@listcount=\count106
\c@bookmark@seq@number=\count107

(/usr/local/texlive/2019/texmf-dist/tex/latex/rerunfilecheck/rerunfilecheck.sty
Package: rerunfilecheck 2019/12/05 v1.9 Rerun checks for auxiliary files (HO)

(/usr/local/texlive/2019/texmf-dist/tex/generic/uniquecounter/uniquecounter.sty
Package: uniquecounter 2019/12/15 v1.4 Provide unlimited unique counter (HO)
)
Package uniquecounter Info: New unique counter `rerunfilecheck' on input line 2
86.
)
\Hy@SectionHShift=\skip65
) (/usr/local/texlive/2019/texmf-dist/tex/latex/enumitem/enumitem.sty
Package: enumitem 2019/06/20 v3.9 Customized lists
\labelindent=\skip66
\enit@outerparindent=\dimen128
\enit@toks=\toks18
\enit@inbox=\box32
\enit@count@id=\count108
\enitdp@description=\count109
)
(./root.aux)
\openout1 = `root.aux'.

LaTeX Font Info:    Checking defaults for OML/cmm/m/it on input line 72.
LaTeX Font Info:    ... okay on input line 72.
LaTeX Font Info:    Checking defaults for T1/cmr/m/n on input line 72.
LaTeX Font Info:    ... okay on input line 72.
LaTeX Font Info:    Checking defaults for OT1/cmr/m/n on input line 72.
LaTeX Font Info:    ... okay on input line 72.
LaTeX Font Info:    Checking defaults for OMS/cmsy/m/n on input line 72.
LaTeX Font Info:    ... okay on input line 72.
LaTeX Font Info:    Checking defaults for OMX/cmex/m/n on input line 72.
LaTeX Font Info:    ... okay on input line 72.
LaTeX Font Info:    Checking defaults for U/cmr/m/n on input line 72.
LaTeX Font Info:    ... okay on input line 72.
LaTeX Font Info:    Checking defaults for PD1/pdf/m/n on input line 72.
LaTeX Font Info:    ... okay on input line 72.
Package scrbase Info: activating USenglish \contentsname on input line 72.
Package scrbase Info: activating USenglish \listfigurename on input line 72.
Package scrbase Info: activating USenglish \listtablename on input line 72.

(/usr/local/texlive/2019/texmf-dist/tex/context/base/mkii/supp-pdf.mkii
[Loading MPS to PDF converter (version 2006.09.02).]
\scratchcounter=\count110
\scratchdimen=\dimen129
\scratchbox=\box33
\nofMPsegments=\count111
\nofMParguments=\count112
\everyMPshowfont=\toks19
\MPscratchCnt=\count113
\MPscratchDim=\dimen130
\MPnumerator=\count114
\makeMPintoPDFobject=\count115
\everyMPtoPDFconversion=\toks20
) (/usr/local/texlive/2019/texmf-dist/tex/latex/epstopdf-pkg/epstopdf-base.sty
Package: epstopdf-base 2019-12-09 v2.10 Base part for package epstopdf
Package epstopdf-base Info: Redefining graphics rule for `.eps' on input line 4
85.

(/usr/local/texlive/2019/texmf-dist/tex/latex/latexconfig/epstopdf-sys.cfg
File: epstopdf-sys.cfg 2010/07/13 v1.3 Configuration of (r)epstopdf for TeX Liv
e
))
\AtBeginShipoutBox=\box34
Package hyperref Info: Link coloring OFF on input line 72.

(/usr/local/texlive/2019/texmf-dist/tex/latex/hyperref/nameref.sty
Package: nameref 2019/09/16 v2.46 Cross-referencing by name of section

(/usr/local/texlive/2019/texmf-dist/tex/latex/refcount/refcount.sty
Package: refcount 2019/12/15 v3.6 Data extraction from label references (HO)
)
(/usr/local/texlive/2019/texmf-dist/tex/generic/gettitlestring/gettitlestring.s
ty
Package: gettitlestring 2019/12/15 v1.6 Cleanup title references (HO)
)
\c@section@level=\count116
)
LaTeX Info: Redefining \ref on input line 72.
LaTeX Info: Redefining \pageref on input line 72.
LaTeX Info: Redefining \nameref on input line 72.
 (./root.out) (./root.out)
\@outlinefile=\write4
\openout4 = `root.out'.

Class scrreprt Info: loading recommended package `bookmark'.
(scrreprt)           Using `bookmark' together with `hyperref' is recommended,
(scrreprt)           because of handling of possible bookmark level gaps.
(scrreprt)           You can avoid loading `bookmark' with KOMA-Script option
(scrreprt)           `bookmarkpackage=false' before \begin{document} and
(scrreprt)           you can avoid this message adding:
(scrreprt)             \usepackage{bookmark}
(scrreprt)           before \begin{document} on input line 72.

(/usr/local/texlive/2019/texmf-dist/tex/latex/bookmark/bookmark.sty
Package: bookmark 2019/12/03 v1.28 PDF bookmarks (HO)

(/usr/local/texlive/2019/texmf-dist/tex/latex/bookmark/bkm-pdftex.def
File: bkm-pdftex.def 2019/12/03 v1.28 bookmark driver for pdfTeX (HO)
Package auxhook Info: \AddLineBeginMainAux comes a little late,
(auxhook)             because the main .aux file is already opened on input lin
e 168.
\BKM@id=\count117
))
LaTeX Font Info:    Trying to load font information for U+msa on input line 74.


(/usr/local/texlive/2019/texmf-dist/tex/latex/amsfonts/umsa.fd
File: umsa.fd 2013/01/14 v3.01 AMS symbols A
)
LaTeX Font Info:    Trying to load font information for U+msb on input line 74.


(/usr/local/texlive/2019/texmf-dist/tex/latex/amsfonts/umsb.fd
File: umsb.fd 2013/01/14 v3.01 AMS symbols B
)
LaTeX Font Info:    Trying to load font information for OMS+cmtt on input line 
74.
LaTeX Font Info:    No file OMScmtt.fd. on input line 74.


LaTeX Font Warning: Font shape `OMS/cmtt/m/n' undefined
(Font)              using `OMS/cmsy/m/n' instead
(Font)              for symbol `textbraceleft' on input line 74.

[1



{/usr/local/texlive/2019/texmf-var/fonts/map/pdftex/updmap/pdftex.map}]
[2


] [3] [4


] (./root.toc)
\tf@toc=\write5
\openout5 = `root.toc'.

 [5] [6


]
chapter 1.
<session_graph.pdf, id=47, 610.28pt x 531.9875pt>
File: session_graph.pdf Graphic file (type pdf)
<use session_graph.pdf>
Package pdftex.def Info: session_graph.pdf  used on input line 113.
(pdftex.def)             Requested size: 796.2041pt x 694.0pt.

Overfull \hbox (310.72888pt too wide) in paragraph at lines 113--114
 [][] 
 []


LaTeX Warning: Float too large for page by 25.60004pt on input line 115.


Package natbib Warning: Citation `foster.ea:efsm:2018' undefined on input line 
121.

[7


] [8 <./session_graph.pdf>]
chapter 2.
(./session.tex (./Lift_Controller.tex
Underfull \vbox (badness 1371) has occurred while \output is active []

 [9



]
Underfull \vbox (badness 10000) has occurred while \output is active []

 [10]
Underfull \vbox (badness 10000) has occurred while \output is active []

 [11]
Underfull \vbox (badness 10000) has occurred while \output is active []

 [12]
Underfull \vbox (badness 10000) has occurred while \output is active []

 [13]
Underfull \vbox (badness 10000) has occurred while \output is active []

 [14]
Overfull \hbox (7.81856pt too wide) in paragraph at lines 470--472
[][]\OT1/cmr/bx/n/9 lemmas \OT1/cmtt/m/sl/9 states[simp] = init_def search_def 
o1_def o2_def o3_def o4_def f1_def f2_def f3_def f4_def o_def[] 
 []


Overfull \hbox (38.99538pt too wide) in paragraph at lines 475--476
[][]  \OT1/cmtt/m/sl/9 "lift_lit = {|((0, 9), continit), ((9, 4), return4), ((9
, 3), return3), ((9, 2), return2), ((9, 1), return1),
 []


Overfull \hbox (53.17026pt too wide) in paragraph at lines 476--477
[][]      \OT1/cmtt/m/sl/9 ((8, 8), opendoor4), ((7, 9), startsearch), ((7, 7),
 opendoor3), ((6, 9), startsearch), ((6, 6), opendoor2),[] 
 []


Overfull \hbox (38.99538pt too wide) in paragraph at lines 477--478
[][]      \OT1/cmtt/m/sl/9 ((5, 9), startsearch), ((5, 5), opendoor1), ((4, 8),
 motorstop4), ((4, 3), down43stop), ((4, 3), down43),[] 
 []


Overfull \hbox (29.54546pt too wide) in paragraph at lines 478--479
[][]      \OT1/cmtt/m/sl/9 ((3, 7), motorstop3), ((3, 4), up34stop), ((3, 2), d
own32stop), ((3, 2), down32), ((2, 6), motorstop2),[] 
 []


Overfull \hbox (10.64561pt too wide) in paragraph at lines 479--480
[][]      \OT1/cmtt/m/sl/9 ((2, 3), up23stop), ((2, 3), up23), ((2, 1), down21s
top), ((1, 5), motorstop1), ((1, 2), up12stop),
 []


Underfull \vbox (badness 10000) has occurred while \output is active []

 [15]
Underfull \vbox (badness 10000) has occurred while \output is active []

 [16]
Underfull \vbox (badness 10000) has occurred while \output is active []

 [17]
Underfull \vbox (badness 10000) has occurred while \output is active []

 [18]
Underfull \vbox (badness 10000) has occurred while \output is active []

 [19])
(./Lift_Controller_LTL.tex
Underfull \vbox (badness 10000) has occurred while \output is active []

 [20]
Overfull \hbox (8.34273pt too wide) in paragraph at lines 48--50
[][]\OT1/cmr/bx/n/9 lemma \OT1/cmtt/m/sl/9 ltl_step_0: "ltl_step lift_lit (Some
 0) r (STR ''continit'', []) = (Some 9, [], r(1 $:= Some (Str
 []


Overfull \hbox (4.17342pt too wide) in paragraph at lines 66--68
[][]\OT1/cmr/bx/n/9 lemma \OT1/cmtt/m/sl/9 ltl_step_0_invalid: "e $\OMS/cmsy/m/
n/9 6\OT1/cmr/m/n/9 =$ \OT1/cmtt/m/sl/9 (STR ''continit'', []) $[][]\OMS/cmsy/m
/n/9 )$ \OT1/cmtt/m/sl/9 ltl_step lift_lit (Some 0) r e = (None, [],
 []


Overfull \hbox (27.79822pt too wide) in paragraph at lines 168--170
[][]\OT1/cmr/bx/n/9 lemma \OT1/cmtt/m/sl/9 possible_steps_9_invalid: "(l, i) $\
OMS/cmsy/m/n/9 6\OT1/cmr/m/n/9 =$ \OT1/cmtt/m/sl/9 (STR ''return'', []) $[][]\O
MS/cmsy/m/n/9 )$ \OT1/cmtt/m/sl/9 possible_steps lift_lit 9 r l i = {||}"[] 
 []


Overfull \hbox (2.63736pt too wide) in paragraph at lines 238--239
[][] $\OMS/cmsy/m/n/9 :$ \OT1/cmtt/m/sl/9 nxt (output_eq [Some (Str ''true''), 
Some (Num n)]) (make_full_observation lift_lit (Some s) r p t)"[] 
 []


Underfull \vbox (badness 10000) has occurred while \output is active []

 [21]
Underfull \vbox (badness 10000) has occurred while \output is active []

 [22]
Overfull \hbox (1.85098pt too wide) in paragraph at lines 448--449
[][]    \OT1/cmr/bx/n/9 as-sumes \OT1/cmtt/m/sl/9 "$\OMS/cmsy/m/n/9 9 $ \OT1/cm
tt/m/sl/9 n r p t. j = (make_full_observation lift_lit (Some n) r p t) $\OMS/cm
sy/m/n/9 ^$ \OT1/cmtt/m/sl/9 (n = 1 $\OMS/cmsy/m/n/9 _$ \OT1/cmtt/m/sl/9 n = 2 
$\OMS/cmsy/m/n/9 _$ \OT1/cmtt/m/sl/9 n = 3
 []


Overfull \hbox (21.42073pt too wide) in paragraph at lines 451--452
[][]             \OT1/cmtt/m/sl/9 statename (shd s) $\OMS/cmsy/m/n/9 6\OT1/cmr/
m/n/9 =$ \OT1/cmtt/m/sl/9 Some 6 $\OMS/cmsy/m/n/9 ^$ \OT1/cmtt/m/sl/9 statename
 (shd s) $\OMS/cmsy/m/n/9 6\OT1/cmr/m/n/9 =$ \OT1/cmtt/m/sl/9 Some 7 $\OMS/cmsy
/m/n/9 ^$ \OT1/cmtt/m/sl/9 statename (shd s) $\OMS/cmsy/m/n/9 6\OT1/cmr/m/n/9 =
$ \OT1/cmtt/m/sl/9 Some 8) until[] 
 []


Overfull \hbox (1.85098pt too wide) in paragraph at lines 523--524
[][]    \OT1/cmr/bx/n/9 as-sumes \OT1/cmtt/m/sl/9 "$\OMS/cmsy/m/n/9 9 $ \OT1/cm
tt/m/sl/9 n r p t. j = (make_full_observation lift_lit (Some n) r p t) $\OMS/cm
sy/m/n/9 ^$ \OT1/cmtt/m/sl/9 (n = 1 $\OMS/cmsy/m/n/9 _$ \OT1/cmtt/m/sl/9 n = 2 
$\OMS/cmsy/m/n/9 _$ \OT1/cmtt/m/sl/9 n = 3
 []


Overfull \hbox (12.35814pt too wide) in paragraph at lines 525--526
[][]       \OT1/cmtt/m/sl/9 ((not (label_eq ''opendoor'' aand nxt (output_eq [S
ome (Str ''true''), Some (Num n)]))) until ($\OML/cmm/m/it/9 ^^U$\OT1/cmtt/m/sl
/9 s.
 []


Underfull \vbox (badness 10000) has occurred while \output is active []

 [23]
Overfull \hbox (7.24585pt too wide) in paragraph at lines 589--590
[][]          \OT1/cmtt/m/sl/9 statename (shd s) $\OMS/cmsy/m/n/9 6\OT1/cmr/m/n
/9 =$ \OT1/cmtt/m/sl/9 Some 6 $\OMS/cmsy/m/n/9 ^$ \OT1/cmtt/m/sl/9 statename (s
hd s) $\OMS/cmsy/m/n/9 6\OT1/cmr/m/n/9 =$ \OT1/cmtt/m/sl/9 Some 7 $\OMS/cmsy/m/
n/9 ^$ \OT1/cmtt/m/sl/9 statename (shd s) $\OMS/cmsy/m/n/9 6\OT1/cmr/m/n/9 =$ \
OT1/cmtt/m/sl/9 Some 8) until[] 
 []


Overfull \hbox (9.33466pt too wide) in paragraph at lines 737--738
[][]    \OT1/cmr/bx/n/9 shows \OT1/cmtt/m/sl/9 "((not (label_eq ''opendoor'' aa
nd nxt (output_eq [Some (Str ''true''), Some (Num n)]))) until
 []


Underfull \vbox (badness 10000) has occurred while \output is active []

 [24]
Overfull \hbox (39.68776pt too wide) in paragraph at lines 803--805
[][]    \OT1/cmr/bx/n/9 us-ing \OT1/cmtt/m/sl/9 must_stop_to_open_aux3[of "(mak
e_full_observation lift_lit (Some (nat na)) (apply_updates [] (join_ir
 []


Overfull \hbox (47.13434pt too wide) in paragraph at lines 823--824
[][]  \OT1/cmr/bx/n/9 shows \OT1/cmtt/m/sl/9 "((not (label_eq ''opendoor'' aand
 nxt (output_eq [Some (Str ''true''), Some (Num n)]))) until (label_eq
 []


Overfull \hbox (44.41272pt too wide) in paragraph at lines 853--855
[][]  \OT1/cmr/bx/n/9 us-ing \OT1/cmtt/m/sl/9 must_stop_to_open_aux1a[of "(make
_full_observation lift_lit (Some 9) (r(1 $:= Some (EFSM.Str ''true'')))
 []


Overfull \hbox (11.10959pt too wide) in paragraph at lines 865--867
[][]\OT1/cmr/bx/n/9 lemma \OT1/cmtt/m/sl/9 ltl_step_9_invalid: "$\OMS/cmsy/m/n/
9 :$\OT1/cmtt/m/sl/9 ($\OMS/cmsy/m/n/9 9 $\OT1/cmtt/m/sl/9 n. r $ 4 = Some (Num
 n) $\OMS/cmsy/m/n/9 ^$ \OT1/cmtt/m/sl/9 n $\OMS/cmsy/m/n/9 2$ \OT1/cmtt/m/sl/9
 {1, 2, 3, 4}) $[][]\OMS/cmsy/m/n/9 )$ \OT1/cmtt/m/sl/9 ltl_step lift_lit (Some

 []


Underfull \vbox (badness 10000) has occurred while \output is active []

 [25]
Overfull \hbox (15.37057pt too wide) in paragraph at lines 952--953
[][] \OT1/cmtt/m/sl/9 ltl_step lift_lit (Some n) r (STR ''motorstop'', [EFSM.St
r ''true'', EFSM.Str ''true'']) = (Some (n + 4),
 []


Overfull \hbox (15.37057pt too wide) in paragraph at lines 1025--1026
[][] \OT1/cmtt/m/sl/9 ltl_step lift_lit (Some n) r (STR ''motorstop'', [EFSM.St
r ''true'', EFSM.Str ''true'']) = (None, [], r)"[] 
 []


Underfull \vbox (badness 10000) has occurred while \output is active []

 [26]
Overfull \hbox (15.56929pt too wide) in paragraph at lines 1050--1051
[][]  \OT1/cmtt/m/sl/9 "alw (($\OML/cmm/m/it/9 ^^U$\OT1/cmtt/m/sl/9 xs. label (
shd xs) = STR ''opendoor'' $[][]\OMS/cmsy/m/n/9 !$ $:$ \OT1/cmtt/m/sl/9 nxt (ou
tput_eq [Some (Str ''true''), Some (Num n)])
 []


Overfull \hbox (28.2345pt too wide) in paragraph at lines 1085--1086
[][]    \OT1/cmr/bx/n/9 shows \OT1/cmtt/m/sl/9 "alw ((not (label_eq ''opendoor'
' aand nxt (output_eq [Some (Str ''true''), Some (Num n)]))) until
 []


Underfull \vbox (badness 10000) has occurred while \output is active []

 [27]
Overfull \hbox (10.64561pt too wide) in paragraph at lines 1212--1213
[][]       \OT1/cmtt/m/sl/9 ((not (nxt (label_eq ''opendoor ''))) until(((label
_eq ''motorstop'') or (nxt (output_eq [Some(Str
 []


Overfull \hbox (5.25952pt too wide) in paragraph at lines 1222--1224
[][]  \OT1/cmr/bx/n/9 have \OT1/cmtt/m/sl/9 aux: "$\OMS/cmsy/m/n/9 :$\OT1/cmtt/
m/sl/9 ev (nxt ($\OML/cmm/m/it/9 ^^U$\OT1/cmtt/m/sl/9 xs. label_eq ''opendoor '
' xs $\OMS/cmsy/m/n/9 ^$ \OT1/cmtt/m/sl/9 nxt (output_eq [Some (EFSM.Str ''true
''), Some
 []


Overfull \hbox (3.07909pt too wide) in paragraph at lines 1224--1225
[][]     \OT1/cmtt/m/sl/9 ($[]$statename = Some s, datastate = r, action = shd 
t, output = p$[]$ ## make_full_observation lift_lit
 []


Overfull \hbox (22.04549pt too wide) in paragraph at lines 1298--1300
[][]\OT1/cmr/bx/n/9 lemma \OT1/cmtt/m/sl/9 opendoor_invalid: "s $[]$ {5, 6, 7, 
8} $[][]\OMS/cmsy/m/n/9 )$ \OT1/cmtt/m/sl/9 ltl_step lift_lit (Some s) r (STR '
'opendoor'', b) = (None,
 []


Overfull \hbox (12.59557pt too wide) in paragraph at lines 1318--1320
[][]\OT1/cmr/bx/n/9 lemma \OT1/cmtt/m/sl/9 opendoor_invalid_nat: "s $[]$ {5, 6,
 7, 8} $[][]\OMS/cmsy/m/n/9 )$ \OT1/cmtt/m/sl/9 ltl_step lift_lit (Some (nat s)
) r (STR ''opendoor'',
 []


Overfull \hbox (24.78578pt too wide) in paragraph at lines 1358--1360
[][]\OT1/cmr/bx/n/9 lemma \OT1/cmtt/m/sl/9 stop_at_None: "alw ($\OML/cmm/m/it/9
 ^^U$\OT1/cmtt/m/sl/9 xs. label (shd (stl xs)) = a $[][]\OMS/cmsy/m/n/9 !$ \OT1
/cmtt/m/sl/9 output (shd (stl (stl xs))) $\OMS/cmsy/m/n/9 6\OT1/cmr/m/n/9 =$ \O
T1/cmtt/m/sl/9 [Some (EFSM.Str
 []


Underfull \vbox (badness 10000) has occurred while \output is active []

 [28]
Overfull \hbox (10.11653pt too wide) in paragraph at lines 1403--1404
[][] \OT1/cmtt/m/sl/9 ev ($\OML/cmm/m/it/9 ^^U$\OT1/cmtt/m/sl/9 a. label (shd (
stl a)) = STR ''opendoor'' $\OMS/cmsy/m/n/9 ^$ \OT1/cmtt/m/sl/9 output_eq [Some
 (EFSM.Str ''true''), Some n] (stl (stl
 []


Overfull \hbox (10.11653pt too wide) in paragraph at lines 1405--1406
[][] \OT1/cmtt/m/sl/9 ev ($\OML/cmm/m/it/9 ^^U$\OT1/cmtt/m/sl/9 a. label (shd (
stl a)) = STR ''opendoor'' $\OMS/cmsy/m/n/9 ^$ \OT1/cmtt/m/sl/9 output_eq [Some
 (EFSM.Str ''true''), Some n] (stl (stl
 []


Overfull \hbox (38.64676pt too wide) in paragraph at lines 1427--1429
[][]\OT1/cmr/bx/n/9 lemma \OT1/cmtt/m/sl/9 prem_stop_at_none_scons: "$\OMS/cmsy
/m/n/9 :$ \OT1/cmtt/m/sl/9 ev ($\OML/cmm/m/it/9 ^^U$\OT1/cmtt/m/sl/9 a. label (
shd (stl a)) = STR ''opendoor'' $\OMS/cmsy/m/n/9 ^$ \OT1/cmtt/m/sl/9 output_eq 
[Some (EFSM.Str
 []


Overfull \hbox (10.297pt too wide) in paragraph at lines 1450--1452
[][]\OT1/cmr/bx/n/9 lemma \OT1/cmtt/m/sl/9 prem_stop_at_none: "$\OMS/cmsy/m/n/9
 :$ \OT1/cmtt/m/sl/9 ev ($\OML/cmm/m/it/9 ^^U$\OT1/cmtt/m/sl/9 a. label (shd (s
tl a)) = STR ''opendoor'' $\OMS/cmsy/m/n/9 ^$ \OT1/cmtt/m/sl/9 output_eq [Some 
(EFSM.Str
 []


Underfull \vbox (badness 10000) has occurred while \output is active []

 [29]
Underfull \vbox (badness 10000) has occurred while \output is active []

 [30]
Overfull \hbox (5.44853pt too wide) in paragraph at lines 1757--1758
[][]  \OT1/cmtt/m/sl/9 "s $\OMS/cmsy/m/n/9 2$ \OT1/cmtt/m/sl/9 {5, 6, 7, 8} $[]
[]\OMS/cmsy/m/n/9 )$ \OT1/cmtt/m/sl/9 ltl_step lift_lit (Some s) r (STR ''opend
oor'', [EFSM.Str ''true'']) = (Some s,
 []


Overfull \hbox (3.16013pt too wide) in paragraph at lines 1766--1768
[][]    \OT1/cmr/bx/n/9 ap-ply \OT1/cmtt/m/sl/9 (simp add: possible_steps_alt3 
split_label label_opendoor transitions Abs_ffilter set_eq_iff)[] 
 []


Underfull \vbox (badness 10000) has occurred while \output is active []

 [31]
Overfull \hbox (5.92065pt too wide) in paragraph at lines 1979--1980
[][]  \OT1/cmtt/m/sl/9 ltl_step lift_lit (Some s) r (STR ''startsearch'', [EFSM
.Str ''true'', EFSM.Str ''false'']) = (Some 9,
 []


Overfull \hbox (1.95132pt too wide) in paragraph at lines 2041--2042
[][]       \OT1/cmtt/m/sl/9 ($\OMS/cmsy/m/n/9 9 $\OT1/cmtt/m/sl/9 t. possible_s
teps lift_lit s r (fst e) (snd e) = {|(aa, t)|} $\OMS/cmsy/m/n/9 ^$ \OT1/cmtt/m
/sl/9 evaluate_outputs t (snd e) r =
 []


Underfull \vbox (badness 10000) has occurred while \output is active []

 [32]
Overfull \hbox (13.68462pt too wide) in paragraph at lines 2082--2083
[][]  \OT1/cmtt/m/sl/9 "s $\OMS/cmsy/m/n/9 2$ \OT1/cmtt/m/sl/9 {1, 2, 3, 4} $[]
[]\OMS/cmsy/m/n/9 )$ \OT1/cmtt/m/sl/9 fst (snd (ltl_step lift_lit (Some s) r e)
) $\OMS/cmsy/m/n/9 6\OT1/cmr/m/n/9 =$ \OT1/cmtt/m/sl/9 [Some (EFSM.Str ''true''
), Some n]"[] 
 []


Underfull \vbox (badness 10000) has occurred while \output is active []

 [33]
LaTeX Font Info:    Trying to load font information for OMS+cmr on input line 2
214.

(/usr/local/texlive/2019/texmf-dist/tex/latex/base/omscmr.fd
File: omscmr.fd 2014/09/29 v2.5h Standard LaTeX font definitions
)
LaTeX Font Info:    Font shape `OMS/cmr/bx/n' in size <9> not available
(Font)              Font shape `OMS/cmsy/b/n' tried instead on input line 2214.


Overfull \hbox (9.18607pt too wide) in paragraph at lines 2213--2216
[][]  \OMS/cmsy/b/n/9 f\OT1/cmr/bx/n/9 assume \OT1/cmtt/m/sl/9 "(ev (nxt ((labe
l_eq ''opendoor'') aand (nxt (output_eq [Some(Str ''true''), Some n]))))) j $\O
MS/cmsy/m/n/9 ^$[] 
 []


Overfull \hbox (60.61035pt too wide) in paragraph at lines 2217--2219
[][]   \OT1/cmr/bx/n/9 hence \OT1/cmtt/m/sl/9 "((not (nxt (label_eq ''opendoor'
' aand (nxt (output_eq [Some(Str ''true''), Some n]))))) until(((label_eq
 []


Overfull \hbox (74.03453pt too wide) in paragraph at lines 2250--2252
[][]      \OT1/cmr/bx/n/9 ap-ply \OT1/cmtt/m/sl/9 (simp add: make_full_observat
ion.ctr[of lift_lit "Some 0"] ltl_step_0_invalid ev_Stream prem_stop_at_none)[]
 
 []


Overfull \hbox (3.16013pt too wide) in paragraph at lines 2261--2263
[][]        \OT1/cmr/bx/n/9 ap-ply \OT1/cmtt/m/sl/9 (simp add: ltl_step_opendoo
r ev_Stream make_full_observation.ctr[of lift_lit "Some s" r p
 []


Overfull \hbox (3.16013pt too wide) in paragraph at lines 2297--2299
[][]         \OT1/cmr/bx/n/9 ap-ply \OT1/cmtt/m/sl/9 (simp add: ltl_step_starts
earch ev_Stream make_full_observation.ctr[of lift_lit "Some s"
 []


Overfull \hbox (31.50989pt too wide) in paragraph at lines 2303--2305
[][]       \OT1/cmr/bx/n/9 ap-ply \OT1/cmtt/m/sl/9 (simp add: ev_Stream make_fu
ll_observation.ctr[of lift_lit "Some s" r p t] ltl_step_ocd_invalid)[] 
 []


Underfull \vbox (badness 10000) has occurred while \output is active []

 [34]
Overfull \hbox (12.61005pt too wide) in paragraph at lines 2351--2353
[][]         \OT1/cmr/bx/n/9 ap-ply \OT1/cmtt/m/sl/9 (simp add: ev_Stream make_
full_observation.ctr[of lift_lit "Some s" r p t] ltl_step.simps)[] 
 []


Overfull \hbox (7.88509pt too wide) in paragraph at lines 2362--2364
[][]        \OT1/cmr/bx/n/9 ap-ply \OT1/cmtt/m/sl/9 (simp add: ev_Stream make_f
ull_observation.ctr[of lift_lit "Some s" r p t] ltl_step.simps)[] 
 []


Overfull \hbox (12.61005pt too wide) in paragraph at lines 2413--2415
[][]         \OT1/cmr/bx/n/9 ap-ply \OT1/cmtt/m/sl/9 (simp add: ev_Stream make_
full_observation.ctr[of lift_lit "Some 9"] return ltl_step.simps
 []


Overfull \hbox (69.30957pt too wide) in paragraph at lines 2415--2417
[][]         \OT1/cmr/bx/n/9 ap-ply \OT1/cmtt/m/sl/9 (metis (no_types, lifting)
 insertCI ltl_step_floor_output nat_numeral numeral_Bit0 numeral_eq_one_iff)[] 

 []


Overfull \hbox (22.05997pt too wide) in paragraph at lines 2420--2422
[][]        \OT1/cmr/bx/n/9 ap-ply \OT1/cmtt/m/sl/9 (simp add: ev_Stream make_f
ull_observation.ctr[of lift_lit "Some 9"] possible_steps_9_invalid
 []


Overfull \hbox (78.75949pt too wide) in paragraph at lines 2423--2425
[][]       \OT1/cmr/bx/n/9 ap-ply \OT1/cmtt/m/sl/9 (case_tac "shd t", simp add:
 ev_Stream make_full_observation.ctr[of lift_lit "Some 9"] ltl_step_9_invalid)[
] 
 []


Underfull \vbox (badness 10000) has occurred while \output is active []

 [35]
Overfull \hbox (10.64561pt too wide) in paragraph at lines 2541--2541
[][]       \OT1/cmtt/m/sl/9 (((label_eq ''motorstop'') or (nxt (output_eq [Some
 (Str ''true''), Some  n])))))) (watch lift_lit
 []


Overfull \hbox (4.6097pt too wide) in paragraph at lines 2561--2562
[][]  \OT1/cmr/bx/n/9 shows \OT1/cmtt/m/sl/9 "((ev (nxt ((label_eq ''opendoor''
) aand (nxt (output_eq [Some(Str ''true''), Some n]))))) impl[] 
 []


Overfull \hbox (57.89522pt too wide) in paragraph at lines 2562--2563
[][]         \OT1/cmtt/m/sl/9 ((not (nxt (label_eq ''opendoor'' aand (nxt (outp
ut_eq [Some(Str ''true''), Some n]))))) suntil(((label_eq
 []


Underfull \vbox (badness 10000) has occurred while \output is active []

 [36]
Overfull \hbox (2.10828pt too wide) in paragraph at lines 2618--2619
[][] $\OMS/cmsy/m/n/9 :$\OT1/cmtt/m/sl/9 ev (nxt ($\OML/cmm/m/it/9 ^^U$\OT1/cmt
t/m/sl/9 xs. label (shd xs) = STR ''opendoor'' $\OMS/cmsy/m/n/9 ^$ \OT1/cmtt/m/
sl/9 nxt (output_eq [Some (EFSM.Str ''true''), Some n])
 []


Overfull \hbox (23.50954pt too wide) in paragraph at lines 2652--2653
[][]  \OT1/cmr/bx/n/9 shows \OT1/cmtt/m/sl/9 "alw ((ev (nxt ((label_eq ''opendo
or'') aand (nxt (output_eq [Some(Str ''true''), Some n]))))) impl[] 
 []


Overfull \hbox (1.1957pt too wide) in paragraph at lines 2653--2654
[][]      \OT1/cmtt/m/sl/9 ((not (nxt ((label_eq ''opendoor'') aand (nxt (outpu
t_eq [Some(Str ''true''), Some n]))))) suntil[] 
 []


Overfull \hbox (36.69249pt too wide) in paragraph at lines 2716--2718
[][]\OT1/cmr/bx/n/9 lemma \OT1/cmtt/m/sl/9 LTL_must_stop_lift_to_open_door: "al
w ((ev (nxt ((label_eq ''opendoor'') aand (nxt (output_eq [Some(Str
 []


Overfull \hbox (1.1957pt too wide) in paragraph at lines 2718--2719
[][]      \OT1/cmtt/m/sl/9 ((not (nxt ((label_eq ''opendoor'') aand (nxt (outpu
t_eq [Some(Str ''true''), Some n]))))) suntil[] 
 []


Overfull \hbox (15.37057pt too wide) in paragraph at lines 2719--2720
[][]      \OT1/cmtt/m/sl/9 (((label_eq ''motorstop'') or (nxt (output_eq [Some(
Str ''true''), Some n])))))) (watch lift_lit t)"[] 
 []

) (./Linked_In.tex
Underfull \vbox (badness 10000) has occurred while \output is active []

 [37]
Underfull \vbox (badness 10000) has occurred while \output is active []

 [38]
Underfull \vbox (badness 10000) has occurred while \output is active []

 [39]
Overfull \hbox (17.79265pt too wide) in paragraph at lines 328--330
[][]\OT1/cmr/bx/n/9 lemma \OT1/cmtt/m/sl/9 implode_detailedPDF: "String.implode
 ''detailed_pdf_of_otherID'' = STR ''detailed_pdf_of_otherID''"[] 
 []


Overfull \hbox (41.41745pt too wide) in paragraph at lines 398--400
[][]\OT1/cmr/bx/n/9 lemma \OT1/cmtt/m/sl/9 view_fuzz: "possible_steps linkedIn 
1 <> STR ''view'' [EFSM.Str ''otherID'', EFSM.Str ''name'', EFSM.Str
 []


Overfull \hbox (12.4372pt too wide) in paragraph at lines 410--417
[][]  \OT1/cmr/bx/n/9 by \OT1/cmtt/m/sl/9 (simp_all add: view_def view1_def vie
w2_def  view3_def apply_guards_def join_ir_nth Str_def implode)[] 
 []


Overfull \hbox (11.338pt too wide) in paragraph at lines 455--457
[][]  \OT1/cmr/bx/n/9 us-ing \OT1/cmtt/m/sl/9 nth_equalityI[of "[value.Str STR 
''otherID'', value.Str STR ''name'', value.Str STR ''4zoF'']" i][] 
 []


Overfull \hbox (36.062pt too wide) in paragraph at lines 459--466
[][]  \OT1/cmr/bx/n/9 by \OT1/cmtt/m/sl/9 (metis One_nat_def add_diff_cancel_le
ft' less_2_cases less_Suc_eq nth_Cons' numeral_2_eq_2 numeral_3_eq_3
 []


Underfull \vbox (badness 10000) has occurred while \output is active []

 [40]
Overfull \hbox (31.96753pt too wide) in paragraph at lines 469--471
[][]\OT1/cmr/bx/n/9 lemma \OT1/cmtt/m/sl/9 pdf_fuzz: "possible_steps linkedIn 6
 <> STR ''pdf'' [EFSM.Str ''otherID'', EFSM.Str ''name'', EFSM.Str
 []


Overfull \hbox (144.15274pt too wide) in paragraph at lines 494--494
[][]\OT1/cmr/bx/n/9 lemma \OT1/cmtt/m/sl/9 contradiction: "apply_outputs (Outpu
ts pdf2) (join_ir (snd (shd i)) <>) $\OMS/cmsy/m/n/9 6\OT1/cmr/m/n/9 =$ \OT1/cm
tt/m/sl/9 [Some (value.Str STR ''detailed_pdf_of_otherID'')]"[] 
 []


Overfull \hbox (3.08868pt too wide) in paragraph at lines 538--540
[][]\OT1/cmr/bx/n/9 lemma \OT1/cmtt/m/sl/9 flaw: "alw ($\OML/cmm/m/it/9 ^^U$\OT
1/cmtt/m/sl/9 xs. label (shd xs) = STR ''pdf'' $\OMS/cmsy/m/n/9 ^$ \OT1/cmtt/m/
sl/9 value_eq (Some (nth (inputs (shd xs)) 0)) (Some
 []


Overfull \hbox (31.96753pt too wide) in paragraph at lines 576--578
[][]\OT1/cmr/bx/n/9 lemma \OT1/cmtt/m/sl/9 view_fuzz_2: "possible_steps linkedI
n 1 <> STR ''view'' [value.Str STR ''otherID'', EFSM.Str ''name'',
 []


Overfull \hbox (17.26357pt too wide) in paragraph at lines 595--597
[][]\OT1/cmr/bx/n/9 lemma \OT1/cmtt/m/sl/9 after_login: "alw ($\OML/cmm/m/it/9 
^^U$\OT1/cmtt/m/sl/9 xs. label (shd xs) = STR ''pdf'' $\OMS/cmsy/m/n/9 ^$ \OT1/
cmtt/m/sl/9 value_eq (Some (inputs (shd xs) ! 0)) (Some
 []


Overfull \hbox (69.30957pt too wide) in paragraph at lines 630--632
[][]     \OT1/cmr/bx/n/9 ap-ply \OT1/cmtt/m/sl/9 (simp add: ltl_step_alt view_f
uzz_2 view3_def Str_def[of "''otherID''"] implode_otherID apply_updates_def)[] 

 []


Underfull \vbox (badness 10000) has occurred while \output is active []

 [41])
(./Linked_In_Fixed.tex
Underfull \vbox (badness 10000) has occurred while \output is active []

 [42]
Underfull \vbox (badness 10000) has occurred while \output is active []

 [43]
Overfull \hbox (17.79265pt too wide) in paragraph at lines 321--323
[][]\OT1/cmr/bx/n/9 lemma \OT1/cmtt/m/sl/9 implode_detailedPDF: "String.implode
 ''detailed_pdf_of_otherID'' = STR ''detailed_pdf_of_otherID''"[] 
 []


Overfull \hbox (3.61777pt too wide) in paragraph at lines 339--341
[][]\OT1/cmr/bx/n/9 lemma \OT1/cmtt/m/sl/9 implode_summaryPDF: "String.implode 
''summary_pdf_of_otherID'' = STR ''summary_pdf_of_otherID''"[] 
 []


Overfull \hbox (60.31729pt too wide) in paragraph at lines 357--359
[][]\OT1/cmr/bx/n/9 lemma \OT1/cmtt/m/sl/9 implode_detailedPDF_friend: "String.
implode ''detailed_pdf_of_friendID'' = STR ''detailed_pdf_of_friendID''"[] 
 []


Underfull \vbox (badness 10000) has occurred while \output is active []

 [44]
Overfull \hbox (17.79265pt too wide) in paragraph at lines 438--440
[][]\OT1/cmr/bx/n/9 lemma \OT1/cmtt/m/sl/9 apply_updates_login: "apply_updates 
(Updates login) (join_ir [EFSM.Str ''free''] <>) <> = (<>(1 $:=
 []


Overfull \hbox (21.88712pt too wide) in paragraph at lines 528--535
[][]  \OT1/cmr/bx/n/9 by \OT1/cmtt/m/sl/9 (simp_all add: transitions apply_guar
ds_def join_ir_def input2state_def implode Str_def numeral_2_eq_2
 []


Overfull \hbox (1.88808pt too wide) in paragraph at lines 551--553
[][]  \OT1/cmr/bx/n/9 us-ing \OT1/cmtt/m/sl/9 nth_equalityI[of "[value.Str STR 
''friendID'', value.Str STR ''name'', value.Str STR ''HM8p'']"
 []


Overfull \hbox (17.16216pt too wide) in paragraph at lines 555--562
[][]  \OT1/cmr/bx/n/9 by \OT1/cmtt/m/sl/9 (metis (no_types, lifting) One_nat_de
f Suc_1 add_diff_cancel_left' less_2_cases less_Suc_eq nth_Cons'
 []


Overfull \hbox (67.34514pt too wide) in paragraph at lines 660--661
[][]  \OT1/cmtt/m/sl/9 "ltl_step linkedIn (Some 2) (<>(1 $:= Some (Str ''free''
))) e = (Some 3, [Some (Str ''detailed_pdf_of_friendID'')],
 []


Overfull \hbox (29.54546pt too wide) in paragraph at lines 661--662
[][]   \OT1/cmtt/m/sl/9 ltl_step linkedIn (Some 2) (<>(1 $:= Some (Str ''free''
))) e = (None, [],(<>(1 $:= Some (Str ''free''))))"[] 
 []


Underfull \vbox (badness 10000) has occurred while \output is active []

 [45]
Overfull \hbox (7.81364pt too wide) in paragraph at lines 711--713
[][]\OT1/cmr/bx/n/9 lemma \OT1/cmtt/m/sl/9 s2_ok: "alw ($\OML/cmm/m/it/9 ^^U$\O
T1/cmtt/m/sl/9 xs. label (shd xs) = STR ''pdf'' $\OMS/cmsy/m/n/9 ^$ \OT1/cmtt/m
/sl/9 value_eq (Some (nth (inputs (shd xs)) 0)) (Some
 []


Overfull \hbox (3.16013pt too wide) in paragraph at lines 727--729
[][]  \OT1/cmr/bx/n/9 ap-ply \OT1/cmtt/m/sl/9 (case_tac "ltl_step linkedIn (Som
e 2) (<>(1 $:= Some (Str ''free''))) (shd i) = (None, [],(<>(1
 []


Overfull \hbox (15.37057pt too wide) in paragraph at lines 739--740
[][]                    \OT1/cmtt/m/sl/9 (Some 3, [Some (Str ''detailed_pdf_of_
friendID'')], (<>(1 $:= Some (Str ''free''))))")[] 
 []


Overfull \hbox (15.37057pt too wide) in paragraph at lines 765--766
[][]                  \OT1/cmtt/m/sl/9 [EFSM.Str ''otherID'', EFSM.Str ''OUT_OF
_NETWORK'', EFSM.Str ''MNn5''] = {|(4, view1)|}"[] 
 []


Overfull \hbox (21.88712pt too wide) in paragraph at lines 776--783
[][]  \OT1/cmr/bx/n/9 by \OT1/cmtt/m/sl/9 (simp_all add: transitions apply_guar
ds_def join_ir_def input2state_def implode Str_def numeral_2_eq_2
 []


Overfull \hbox (3.61777pt too wide) in paragraph at lines 786--788
[][]\OT1/cmr/bx/n/9 lemma \OT1/cmtt/m/sl/9 view_other_fuzz_foiled: " possible_s
teps linkedIn 1 (<>(1 $:= Some (Str ''free''))) STR ''view''[] 
 []


Overfull \hbox (21.88712pt too wide) in paragraph at lines 799--806
[][]  \OT1/cmr/bx/n/9 by \OT1/cmtt/m/sl/9 (simp_all add: transitions apply_guar
ds_def join_ir_def input2state_def implode Str_def numeral_2_eq_2
 []


Overfull \hbox (29.54546pt too wide) in paragraph at lines 811--812
[][]                      \OT1/cmtt/m/sl/9 [EFSM.Str ''otherID'', EFSM.Str ''OU
T_OF_NETWORK'', EFSM.Str ''MNn5''] = {|(5, pdf1)|}"[] 
 []


Overfull \hbox (21.88712pt too wide) in paragraph at lines 822--829
[][]  \OT1/cmr/bx/n/9 by \OT1/cmtt/m/sl/9 (simp_all add: transitions apply_guar
ds_def join_ir_def input2state_def implode Str_def numeral_2_eq_2
 []


Overfull \hbox (11.85385pt too wide) in paragraph at lines 850--852
[][]\OT1/cmr/bx/n/9 lemma \OT1/cmtt/m/sl/9 pdf_4_invalid_inputs: "i $\OMS/cmsy/
m/n/9 6\OT1/cmr/m/n/9 =$ \OT1/cmtt/m/sl/9 [EFSM.Str ''otherID'', EFSM.Str ''OUT
_OF_NETWORK'', EFSM.Str ''MNn5'']
 []


Underfull \vbox (badness 10000) has occurred while \output is active []

 [46]
Overfull \hbox (44.41272pt too wide) in paragraph at lines 863--865
[][]  \OT1/cmr/bx/n/9 us-ing \OT1/cmtt/m/sl/9 nth_equalityI[of "[value.Str STR 
''otherID'', value.Str STR ''OUT_OF_NETWORK'', value.Str STR ''MNn5'']"
 []


Overfull \hbox (64.41176pt too wide) in paragraph at lines 867--874
[][]  \OT1/cmr/bx/n/9 by \OT1/cmtt/m/sl/9 (metis One_nat_def Suc_1 add_diff_can
cel_left' less_2_cases less_Suc_eq nth_Cons' numeral_3_eq_3 plus_1_eq_Suc)[] 
 []


Overfull \hbox (57.89522pt too wide) in paragraph at lines 879--880
[][]  \OT1/cmtt/m/sl/9 "ltl_step linkedIn (Some 4) (<>(1 $:= Some (Str ''free''
))) e = (Some 5, [Some (Str ''summary_pdf_of_otherID'')],
 []


Overfull \hbox (29.54546pt too wide) in paragraph at lines 880--881
[][]   \OT1/cmtt/m/sl/9 ltl_step linkedIn (Some 4) (<>(1 $:= Some (Str ''free''
))) e = (None, [],(<>(1 $:= Some (Str ''free''))))"[] 
 []


Overfull \hbox (36.23485pt too wide) in paragraph at lines 889--891
[][]  \OT1/cmr/bx/n/9 ap-ply \OT1/cmtt/m/sl/9 (case_tac "e = (STR ''pdf'', [EFS
M.Str ''otherID'', EFSM.Str ''OUT_OF_NETWORK'', EFSM.Str ''MNn5''])")[] 
 []


Overfull \hbox (7.81364pt too wide) in paragraph at lines 913--915
[][]\OT1/cmr/bx/n/9 lemma \OT1/cmtt/m/sl/9 s4_ok: "alw ($\OML/cmm/m/it/9 ^^U$\O
T1/cmtt/m/sl/9 xs. label (shd xs) = STR ''pdf'' $\OMS/cmsy/m/n/9 ^$ \OT1/cmtt/m
/sl/9 value_eq (Some (nth (inputs (shd xs)) 0)) (Some
 []


Underfull \vbox (badness 10000) has occurred while \output is active []

 [47]
Overfull \hbox (45.68477pt too wide) in paragraph at lines 1020--1022
[][]   \OT1/cmr/bx/n/9 ap-ply \OT1/cmtt/m/sl/9 (simp add: length_i_3 apply_guar
ds_cons[of "Eq (V (R 1)) (L (EFSM.Str ''free''))"] apply_guards_cons[of
 []


Overfull \hbox (7.71223pt too wide) in paragraph at lines 1037--1050
[][]  \OT1/cmr/bx/n/9 by \OT1/cmtt/m/sl/9 (simp add: possible_steps_empty linke
dIn_def can_take transitions apply_guards_def Str_def implode)[] 
 []


Overfull \hbox (7.81364pt too wide) in paragraph at lines 1071--1073
[][]\OT1/cmr/bx/n/9 lemma \OT1/cmtt/m/sl/9 after_login: "alw ($\OML/cmm/m/it/9 
^^U$\OT1/cmtt/m/sl/9 xs. label (shd xs) = STR ''pdf'' $\OMS/cmsy/m/n/9 ^$ \OT1/
cmtt/m/sl/9 value_eq (Some (nth (inputs (shd xs)) 0))
 []

) (./Coin_Tea.tex
Underfull \vbox (badness 10000) has occurred while \output is active []

 [48]
Overfull \hbox (19.80388pt too wide) in paragraph at lines 86--88
[][]\OT1/cmr/bx/n/9 lemma \OT1/cmtt/m/sl/9 possible_steps_not_init: "$\OMS/cmsy
/m/n/9 :$ \OT1/cmtt/m/sl/9 (a = STR ''init'' $\OMS/cmsy/m/n/9 ^$ \OT1/cmtt/m/sl
/9 b = []) $[][]\OMS/cmsy/m/n/9 )$ \OT1/cmtt/m/sl/9 possible_steps drinks 0 <> 
a b = {||}"[] 
 []


Overfull \hbox (8.34273pt too wide) in paragraph at lines 142--144
[][]\OT1/cmr/bx/n/9 lemma \OT1/cmtt/m/sl/9 make_full_obs_neq: "make_full_observ
ation drinks (fst (ltl_step drinks (Some 0) <> (shd t))) (snd
 []


Underfull \vbox (badness 10000) has occurred while \output is active []

 [49]
Overfull \hbox (36.23485pt too wide) in paragraph at lines 162--164
[][]  \OT1/cmr/bx/n/9 ap-ply \OT1/cmtt/m/sl/9 (metis (no_types, lifting) make_f
ull_observation.simps(1) option.inject state.ext_inject zero_neq_one)[] 
 []


Overfull \hbox (27.79822pt too wide) in paragraph at lines 231--233
[][]\OT1/cmr/bx/n/9 lemma \OT1/cmtt/m/sl/9 ltl_step_none_not_init:"t $\OMS/cmsy
/m/n/9 6\OT1/cmr/m/n/9 =$ \OT1/cmtt/m/sl/9 (STR ''init'', []) $[][]\OMS/cmsy/m/
n/9 )$ \OT1/cmtt/m/sl/9 possible_steps drinks 0 r (fst t) (snd t) = {||}"[] 
 []


Overfull \hbox (31.50989pt too wide) in paragraph at lines 233--241
[][]  \OT1/cmr/bx/n/9 ap-ply \OT1/cmtt/m/sl/9 (simp add: possible_steps_def ffi
lter_def Set.filter_def drinks_def fset_both_sides Abs_fset_inverse)[] 
 []


Overfull \hbox (59.6868pt too wide) in paragraph at lines 241--248
[][]  \OT1/cmr/bx/n/9 by \OT1/cmtt/m/sl/9 (metis init_def length_0_conv less_nu
meral_extra(1) prod.collapse transition.ext_inject transition.surjective)[] 
 []


Overfull \hbox (31.50989pt too wide) in paragraph at lines 273--281
[][]  \OT1/cmr/bx/n/9 ap-ply \OT1/cmtt/m/sl/9 (simp add: possible_steps_alt ffi
lter_def fset_both_sides Abs_fset_inverse Set.filter_def drinks_def)[] 
 []


Overfull \hbox (37.24814pt too wide) in paragraph at lines 293--295
[][]\OT1/cmr/bx/n/9 lemma \OT1/cmtt/m/sl/9 possible_steps_vend_insufficient: "n
 $\OMS/cmsy/m/n/9 ^^T$ \OT1/cmtt/m/sl/9 0 $[][]\OMS/cmsy/m/n/9 )$ \OT1/cmtt/m/s
l/9 possible_steps drinks 1 <1 $:= Some (Num n)> STR ''vend''
 []


Overfull \hbox (31.50989pt too wide) in paragraph at lines 295--303
[][]  \OT1/cmr/bx/n/9 ap-ply \OT1/cmtt/m/sl/9 (simp add: possible_steps_def ffi
lter_def fset_both_sides Abs_fset_inverse Set.filter_def drinks_def)[] 
 []


Overfull \hbox (24.2871pt too wide) in paragraph at lines 315--317
[][]\OT1/cmr/bx/n/9 lemma \OT1/cmtt/m/sl/9 possible_steps_vend_sufficient: "n >
 0 $[][]\OMS/cmsy/m/n/9 )$ \OT1/cmtt/m/sl/9 possible_steps drinks 1 <1 $:= Some
 (Num n)> STR ''vend''
 []


Overfull \hbox (31.50989pt too wide) in paragraph at lines 317--325
[][]  \OT1/cmr/bx/n/9 ap-ply \OT1/cmtt/m/sl/9 (simp add: possible_steps_alt ffi
lter_def fset_both_sides Abs_fset_inverse Set.filter_def drinks_def)[] 
 []


Overfull \hbox (31.50989pt too wide) in paragraph at lines 342--350
[][]  \OT1/cmr/bx/n/9 ap-ply \OT1/cmtt/m/sl/9 (simp add: possible_steps_def ffi
lter_def fset_both_sides Abs_fset_inverse drinks_def Set.filter_def)[] 
 []


Underfull \vbox (badness 10000) has occurred while \output is active []

 [50]
Overfull \hbox (17.16216pt too wide) in paragraph at lines 408--421
[][]  \OT1/cmr/bx/n/9 by \OT1/cmtt/m/sl/9 (simp add: possible_steps_def ffilter
_def fset_both_sides Abs_fset_inverse Set.filter_def drinks_def)[] 
 []


Overfull \hbox (61.37163pt too wide) in paragraph at lines 424--426
[][]\OT1/cmr/bx/n/9 lemma \OT1/cmtt/m/sl/9 shd_not_lt_zero: "0 $\OMS/cmsy/m/n/9
 ^^T$ \OT1/cmtt/m/sl/9 n $[][]\OMS/cmsy/m/n/9 )$ \OT1/cmtt/m/sl/9 ($\OML/cmm/m/
it/9 ^^U$\OT1/cmtt/m/sl/9 xs. MaybeBoolInt (<) (datastate (shd xs) $ 1) (Some (
Num 0)) $\OMS/cmsy/m/n/9 6\OT1/cmr/m/n/9 =$ \OT1/cmtt/m/sl/9 trilean.true)
 []


Overfull \hbox (1.16098pt too wide) in paragraph at lines 442--444
[][]\OT1/cmr/bx/n/9 lemma \OT1/cmtt/m/sl/9 nxt_not_lt_zero: "0 $\OMS/cmsy/m/n/9
 ^^T$ \OT1/cmtt/m/sl/9 n $[][]\OMS/cmsy/m/n/9 )$ \OT1/cmtt/m/sl/9 nxt ($\OML/cm
m/m/it/9 ^^U$\OT1/cmtt/m/sl/9 xs. MaybeBoolInt (<) (datastate (shd xs) $ 1) (So
me (Num 0))
 []


Overfull \hbox (24.78578pt too wide) in paragraph at lines 460--462
[][]\OT1/cmr/bx/n/9 lemma \OT1/cmtt/m/sl/9 once_none_remains_not_lt_zero: "0 $\
OMS/cmsy/m/n/9 ^^T$ \OT1/cmtt/m/sl/9 n $[][]\OMS/cmsy/m/n/9 )$ \OT1/cmtt/m/sl/9
 alw ($\OML/cmm/m/it/9 ^^U$\OT1/cmtt/m/sl/9 xs. MaybeBoolInt (<) (datastate (sh
d xs) $ 1) (Some
 []


Overfull \hbox (19.50517pt too wide) in paragraph at lines 480--482
[][]\OT1/cmr/bx/n/9 lemma \OT1/cmtt/m/sl/9 once_none_null_remains_not_lt_zero: 
"alw ($\OML/cmm/m/it/9 ^^U$\OT1/cmtt/m/sl/9 xs. MaybeBoolInt (<) (datastate (sh
d xs) $ 1) (Some (Num
 []


Overfull \hbox (44.21902pt too wide) in paragraph at lines 502--503
[][]      \OT1/cmtt/m/sl/9 alw ($\OML/cmm/m/it/9 ^^U$\OT1/cmtt/m/sl/9 xs. Maybe
BoolInt (<) (datastate (shd xs) $ 1) (Some (Num 0)) $\OMS/cmsy/m/n/9 6\OT1/cmr/
m/n/9 =$ \OT1/cmtt/m/sl/9 trilean.true) (make_full_observation
 []


Overfull \hbox (45.68477pt too wide) in paragraph at lines 553--555
[][]   \OT1/cmr/bx/n/9 ap-ply \OT1/cmtt/m/sl/9 (simp add: possible_steps_coin d
atastate coin_def value_plus_def Lt_def join_iro_def apply_updates_def)[] 
 []


Overfull \hbox (22.57889pt too wide) in paragraph at lines 567--568
[][]              \OT1/cmtt/m/sl/9 MaybeBoolInt (<) (datastate (shd xs) $ (1)) 
(Some (Num 0)) = trilean.true $\OMS/cmsy/m/n/9 ^$ \OT1/cmtt/m/sl/9 label_eq ''v
end''
 []


Underfull \vbox (badness 10000) has occurred while \output is active []

 [51]
Overfull \hbox (13.06769pt too wide) in paragraph at lines 687--689
[][]\OT1/cmr/bx/n/9 lemma \OT1/cmtt/m/sl/9 LTL_label_vend_not_2: "((label_eq ''
vend'') impl (not (ev (state_eq (Some 2))))) (watch drinks t)"[] 
 []


Overfull \hbox (14.83717pt too wide) in paragraph at lines 726--728
[][]\OT1/cmr/bx/n/9 lemma \OT1/cmtt/m/sl/9 possible_steps_0: "possible_steps dr
inks 0 <> l i = finsert x S' $[][]\OMS/cmsy/m/n/9 )$ \OT1/cmtt/m/sl/9 finsert x
 S' = {|(1, init)|}"[] 
 []


Overfull \hbox (31.50989pt too wide) in paragraph at lines 754--762
[][]  \OT1/cmr/bx/n/9 ap-ply \OT1/cmtt/m/sl/9 (simp add: possible_steps_def ffi
lter_def fset_both_sides Abs_fset_inverse Set.filter_def drinks_def)[] 
 []


Underfull \vbox (badness 10000) has occurred while \output is active []

 [52]
Overfull \hbox (27.24257pt too wide) in paragraph at lines 884--886
[][]\OT1/cmr/bx/n/9 lemma \OT1/cmtt/m/sl/9 LTL_must_pay_wrong: "((not (label_eq
 ''vend'' suntil label_eq ''coin'')) suntil state_eq None) (watch
 []


Overfull \hbox (59.30217pt too wide) in paragraph at lines 902--904
[][]\OT1/cmr/bx/n/9 lemma \OT1/cmtt/m/sl/9 shd_not_init: "shd t $\OMS/cmsy/m/n/
9 6\OT1/cmr/m/n/9 =$ \OT1/cmtt/m/sl/9 (STR ''init'', []) $[][]\OMS/cmsy/m/n/9 )
$ $:$ \OT1/cmtt/m/sl/9 ev ($\OML/cmm/m/it/9 ^^U$\OT1/cmtt/m/sl/9 s. statename (
shd s) = Some 2) (make_full_observation
 []


Overfull \hbox (93.59073pt too wide) in paragraph at lines 937--939
[][]\OT1/cmr/bx/n/9 lemma \OT1/cmtt/m/sl/9 vend_gets_stuck: "stl t = (STR ''ven
d'', []) ## x2 $[][]\OMS/cmsy/m/n/9 )$ $:$\OT1/cmtt/m/sl/9 ev ($\OML/cmm/m/it/9
 ^^U$\OT1/cmtt/m/sl/9 s. statename (shd s) = Some 2) (make_full_observation
 []


Overfull \hbox (31.50989pt too wide) in paragraph at lines 970--978
[][]  \OT1/cmr/bx/n/9 ap-ply \OT1/cmtt/m/sl/9 (simp add: possible_steps_def ffi
lter_def fset_both_sides Abs_fset_inverse drinks_def Set.filter_def)[] 
 []


Overfull \hbox (13.7998pt too wide) in paragraph at lines 997--998
[][]                           $\OMS/cmsy/m/n/9 :$\OT1/cmtt/m/sl/9 ev ($\OML/cm
m/m/it/9 ^^U$\OT1/cmtt/m/sl/9 s. statename (shd s) = Some 2) (make_full_observa
tion drinks (Some 1) <1
 []


Overfull \hbox (8.34273pt too wide) in paragraph at lines 1025--1027
[][]\OT1/cmr/bx/n/9 lemma \OT1/cmtt/m/sl/9 LTL_vend_no_coin: "((nxt (label_eq '
'vend'' aand input_eq [])) impl not (ev (state_eq (Some 2))))
 []


Underfull \vbox (badness 10000) has occurred while \output is active []

 [53])
(./Coin_Tea_Broken.tex
Underfull \vbox (badness 10000) has occurred while \output is active []

 [54]
Overfull \hbox (19.80388pt too wide) in paragraph at lines 86--88
[][]\OT1/cmr/bx/n/9 lemma \OT1/cmtt/m/sl/9 possible_steps_not_init: "$\OMS/cmsy
/m/n/9 :$ \OT1/cmtt/m/sl/9 (a = STR ''init'' $\OMS/cmsy/m/n/9 ^$ \OT1/cmtt/m/sl
/9 b = []) $[][]\OMS/cmsy/m/n/9 )$ \OT1/cmtt/m/sl/9 possible_steps drinks 0 <> 
a b = {||}"[] 
 []


Overfull \hbox (8.34273pt too wide) in paragraph at lines 142--144
[][]\OT1/cmr/bx/n/9 lemma \OT1/cmtt/m/sl/9 make_full_obs_neq: "make_full_observ
ation drinks (fst (ltl_step drinks (Some 0) <> (shd t))) (snd
 []


Underfull \vbox (badness 10000) has occurred while \output is active []

 [55]
Overfull \hbox (36.23485pt too wide) in paragraph at lines 162--164
[][]  \OT1/cmr/bx/n/9 ap-ply \OT1/cmtt/m/sl/9 (metis (no_types, lifting) make_f
ull_observation.simps(1) option.inject state.ext_inject zero_neq_one)[] 
 []


Overfull \hbox (27.79822pt too wide) in paragraph at lines 176--178
[][]\OT1/cmr/bx/n/9 lemma \OT1/cmtt/m/sl/9 ltl_step_none_not_init:"t $\OMS/cmsy
/m/n/9 6\OT1/cmr/m/n/9 =$ \OT1/cmtt/m/sl/9 (STR ''init'', []) $[][]\OMS/cmsy/m/
n/9 )$ \OT1/cmtt/m/sl/9 possible_steps drinks 0 r (fst t) (snd t) = {||}"[] 
 []


Overfull \hbox (31.50989pt too wide) in paragraph at lines 178--186
[][]  \OT1/cmr/bx/n/9 ap-ply \OT1/cmtt/m/sl/9 (simp add: possible_steps_def ffi
lter_def Set.filter_def drinks_def fset_both_sides Abs_fset_inverse)[] 
 []


Overfull \hbox (59.6868pt too wide) in paragraph at lines 186--193
[][]  \OT1/cmr/bx/n/9 by \OT1/cmtt/m/sl/9 (metis init_def length_0_conv less_nu
meral_extra(1) prod.collapse transition.ext_inject transition.surjective)[] 
 []


Overfull \hbox (31.50989pt too wide) in paragraph at lines 218--226
[][]  \OT1/cmr/bx/n/9 ap-ply \OT1/cmtt/m/sl/9 (simp add: possible_steps_alt ffi
lter_def fset_both_sides Abs_fset_inverse Set.filter_def drinks_def)[] 
 []


Overfull \hbox (24.2871pt too wide) in paragraph at lines 238--240
[][]\OT1/cmr/bx/n/9 lemma \OT1/cmtt/m/sl/9 possible_steps_vend_sufficient: "n >
 0 $[][]\OMS/cmsy/m/n/9 )$ \OT1/cmtt/m/sl/9 possible_steps drinks 1 <1 $:= Some
 (Num n)> STR ''vend''
 []


Overfull \hbox (31.50989pt too wide) in paragraph at lines 240--248
[][]  \OT1/cmr/bx/n/9 ap-ply \OT1/cmtt/m/sl/9 (simp add: possible_steps_alt ffi
lter_def fset_both_sides Abs_fset_inverse Set.filter_def drinks_def)[] 
 []


Overfull \hbox (31.50989pt too wide) in paragraph at lines 263--271
[][]  \OT1/cmr/bx/n/9 ap-ply \OT1/cmtt/m/sl/9 (simp add: possible_steps_def ffi
lter_def fset_both_sides Abs_fset_inverse drinks_def Set.filter_def)[] 
 []


Overfull \hbox (17.16216pt too wide) in paragraph at lines 283--296
[][]  \OT1/cmr/bx/n/9 by \OT1/cmtt/m/sl/9 (simp add: possible_steps_def ffilter
_def fset_both_sides Abs_fset_inverse Set.filter_def drinks_def)[] 
 []


Overfull \hbox (13.06769pt too wide) in paragraph at lines 374--376
[][]\OT1/cmr/bx/n/9 lemma \OT1/cmtt/m/sl/9 LTL_label_vend_not_2: "((label_eq ''
vend'') impl (not (ev (state_eq (Some 2))))) (watch drinks t)"[] 
 []


Underfull \vbox (badness 10000) has occurred while \output is active []

 [56]
Overfull \hbox (14.83717pt too wide) in paragraph at lines 413--415
[][]\OT1/cmr/bx/n/9 lemma \OT1/cmtt/m/sl/9 possible_steps_0: "possible_steps dr
inks 0 <> l i = finsert x S' $[][]\OMS/cmsy/m/n/9 )$ \OT1/cmtt/m/sl/9 finsert x
 S' = {|(1, init)|}"[] 
 []


Overfull \hbox (31.50989pt too wide) in paragraph at lines 460--468
[][]  \OT1/cmr/bx/n/9 ap-ply \OT1/cmtt/m/sl/9 (simp add: possible_steps_def ffi
lter_def fset_both_sides Abs_fset_inverse Set.filter_def drinks_def)[] 
 []


Overfull \hbox (13.06769pt too wide) in paragraph at lines 484--486
[][]\OT1/cmr/bx/n/9 lemma \OT1/cmtt/m/sl/9 LTL_init_makes_r_1_zero: "((label_eq
 ''init'' aand input_eq []) impl nxt (check_exp (Eq (V (Rg 1))
 []


Overfull \hbox (59.30217pt too wide) in paragraph at lines 509--511
[][]\OT1/cmr/bx/n/9 lemma \OT1/cmtt/m/sl/9 shd_not_init: "shd t $\OMS/cmsy/m/n/
9 6\OT1/cmr/m/n/9 =$ \OT1/cmtt/m/sl/9 (STR ''init'', []) $[][]\OMS/cmsy/m/n/9 )
$ $:$ \OT1/cmtt/m/sl/9 ev ($\OML/cmm/m/it/9 ^^U$\OT1/cmtt/m/sl/9 s. statename (
shd s) = Some 2) (make_full_observation
 []


Overfull \hbox (13.7998pt too wide) in paragraph at lines 578--579
[][]                           $\OMS/cmsy/m/n/9 :$\OT1/cmtt/m/sl/9 ev ($\OML/cm
m/m/it/9 ^^U$\OT1/cmtt/m/sl/9 s. statename (shd s) = Some 2) (make_full_observa
tion drinks (Some 1) <1
 []


Overfull \hbox (8.34273pt too wide) in paragraph at lines 606--608
[][]\OT1/cmr/bx/n/9 lemma \OT1/cmtt/m/sl/9 LTL_vend_no_coin: "((nxt (label_eq '
'vend'' aand input_eq [])) impl not (ev (state_eq (Some 2))))
 []


Underfull \vbox (badness 10000) has occurred while \output is active []

 [57]
Overfull \hbox (46.14241pt too wide) in paragraph at lines 698--700
[][]\OT1/cmr/bx/n/9 lemma \OT1/cmtt/m/sl/9 LTL_must_pay_correct: "((ev (state_e
q (Some 2))) impl (not (label_eq ''vend'') suntil label_eq ''coin''))
 []

)) (./root.bbl [58])

Package natbib Warning: There were undefined citations.

Package atveryend Info: Empty hook `BeforeClearDocument' on input line 133.
[59


]
Package atveryend Info: Empty hook `AfterLastShipout' on input line 133.
 (./root.aux)
Package atveryend Info: Executing hook `AtVeryEndDocument' on input line 133.
Package atveryend Info: Executing hook `AtEndAfterFileList' on input line 133.
Package rerunfilecheck Info: File `root.out' has not changed.
(rerunfilecheck)             Checksum: D41D8CD98F00B204E9800998ECF8427E;0.


LaTeX Font Warning: Some font shapes were not available, defaults substituted.

Package atveryend Info: Empty hook `AtVeryVeryEnd' on input line 133.
 ) 
Here is how much of TeX's memory you used:
 11416 strings out of 492162
 187278 string characters out of 6125277
 410812 words of memory out of 5000000
 15493 multiletter control sequences out of 15000+600000
 14172 words of font info for 56 fonts, out of 8000000 for 9000
 1141 hyphenation exceptions out of 8191
 47i,9n,74p,10148b,403s stack positions out of 5000i,500n,10000p,200000b,80000s
</usr/local/texlive/2019/texmf-dist/fonts/type1/public/amsfonts/cmextra/cmbsy
9.pfb></usr/local/texlive/2019/texmf-dist/fonts/type1/public/amsfonts/cm/cmbx10
.pfb></usr/local/texlive/2019/texmf-dist/fonts/type1/public/amsfonts/cm/cmbx9.p
fb></usr/local/texlive/2019/texmf-dist/fonts/type1/public/amsfonts/cmextra/cmex
9.pfb></usr/local/texlive/2019/texmf-dist/fonts/type1/public/amsfonts/cm/cmmi10
.pfb></usr/local/texlive/2019/texmf-dist/fonts/type1/public/amsfonts/cm/cmmi7.p
fb></usr/local/texlive/2019/texmf-dist/fonts/type1/public/amsfonts/cm/cmmi9.pfb
></usr/local/texlive/2019/texmf-dist/fonts/type1/public/amsfonts/cm/cmr10.pfb><
/usr/local/texlive/2019/texmf-dist/fonts/type1/public/amsfonts/cm/cmr12.pfb></u
sr/local/texlive/2019/texmf-dist/fonts/type1/public/amsfonts/cm/cmr7.pfb></usr/
local/texlive/2019/texmf-dist/fonts/type1/public/amsfonts/cm/cmr9.pfb></usr/loc
al/texlive/2019/texmf-dist/fonts/type1/public/amsfonts/cm/cmsl10.pfb></usr/loca
l/texlive/2019/texmf-dist/fonts/type1/public/amsfonts/cm/cmsltt10.pfb></usr/loc
al/texlive/2019/texmf-dist/fonts/type1/public/amsfonts/cm/cmssbx10.pfb></usr/lo
cal/texlive/2019/texmf-dist/fonts/type1/public/amsfonts/cm/cmsy10.pfb></usr/loc
al/texlive/2019/texmf-dist/fonts/type1/public/amsfonts/cm/cmsy7.pfb></usr/local
/texlive/2019/texmf-dist/fonts/type1/public/amsfonts/cm/cmsy9.pfb></usr/local/t
exlive/2019/texmf-dist/fonts/type1/public/amsfonts/cm/cmti10.pfb></usr/local/te
xlive/2019/texmf-dist/fonts/type1/public/amsfonts/cm/cmti9.pfb></usr/local/texl
ive/2019/texmf-dist/fonts/type1/public/amsfonts/cm/cmtt10.pfb></usr/local/texli
ve/2019/texmf-dist/fonts/type1/public/amsfonts/cm/cmtt12.pfb></usr/local/texliv
e/2019/texmf-dist/fonts/type1/public/amsfonts/cm/cmtt9.pfb></usr/local/texlive/
2019/texmf-dist/fonts/type1/public/amsfonts/symbols/msbm10.pfb>
Output written on root.pdf (59 pages, 314119 bytes).
PDF statistics:
 397 PDF objects out of 1000 (max. 8388607)
 305 compressed objects within 4 object streams
 66 named destinations out of 1000 (max. 500000)
 22 words of extra memory for PDF output out of 10000 (max. 10000000)

